  Drag.cpp
C:\Users\gabri\Documents\ERIC CURSO\Tecnicatura en Videojuegos\MODELOS Y ALGORITMOS I\PROYECTOS\Proyecto 4.0\Drag\Drag.cpp(49,55): warning C4244: 'argumento': conversión de 'int' a 'float'; posible pérdida de datos
C:\Users\gabri\Documents\ERIC CURSO\Tecnicatura en Videojuegos\MODELOS Y ALGORITMOS I\PROYECTOS\Proyecto 4.0\Drag\Drag.cpp(49,38): warning C4244: 'argumento': conversión de 'int' a 'float'; posible pérdida de datos
C:\Users\gabri\Documents\ERIC CURSO\Tecnicatura en Videojuegos\MODELOS Y ALGORITMOS I\PROYECTOS\Proyecto 4.0\Drag\Drag.cpp(56,78): warning C4244: 'argumento': conversión de 'int' a 'T'; posible pérdida de datos
          with
          [
              T=float
          ]
C:\Users\gabri\Documents\ERIC CURSO\Tecnicatura en Videojuegos\MODELOS Y ALGORITMOS I\PROYECTOS\Proyecto 4.0\Drag\Drag.cpp(56,59): warning C4244: 'argumento': conversión de 'int' a 'T'; posible pérdida de datos
          with
          [
              T=float
          ]
C:\Users\gabri\Documents\ERIC CURSO\Tecnicatura en Videojuegos\MODELOS Y ALGORITMOS I\PROYECTOS\Proyecto 4.0\Drag\Drag.cpp(61,83): warning C4244: 'argumento': conversión de 'int' a 'T'; posible pérdida de datos
          with
          [
              T=float
          ]
C:\Users\gabri\Documents\ERIC CURSO\Tecnicatura en Videojuegos\MODELOS Y ALGORITMOS I\PROYECTOS\Proyecto 4.0\Drag\Drag.cpp(61,64): warning C4244: 'argumento': conversión de 'int' a 'T'; posible pérdida de datos
          with
          [
              T=float
          ]
C:\Users\gabri\Documents\ERIC CURSO\Tecnicatura en Videojuegos\MODELOS Y ALGORITMOS I\PROYECTOS\Proyecto 4.0\Drag\Drag.cpp(66,83): warning C4244: 'argumento': conversión de 'int' a 'T'; posible pérdida de datos
          with
          [
              T=float
          ]
C:\Users\gabri\Documents\ERIC CURSO\Tecnicatura en Videojuegos\MODELOS Y ALGORITMOS I\PROYECTOS\Proyecto 4.0\Drag\Drag.cpp(66,64): warning C4244: 'argumento': conversión de 'int' a 'T'; posible pérdida de datos
          with
          [
              T=float
          ]
C:\Users\gabri\Documents\ERIC CURSO\Tecnicatura en Videojuegos\MODELOS Y ALGORITMOS I\PROYECTOS\Proyecto 4.0\Drag\Drag.cpp(71,83): warning C4244: 'argumento': conversión de 'int' a 'T'; posible pérdida de datos
          with
          [
              T=float
          ]
C:\Users\gabri\Documents\ERIC CURSO\Tecnicatura en Videojuegos\MODELOS Y ALGORITMOS I\PROYECTOS\Proyecto 4.0\Drag\Drag.cpp(71,64): warning C4244: 'argumento': conversión de 'int' a 'T'; posible pérdida de datos
          with
          [
              T=float
          ]
  Drag.vcxproj -> C:\Users\gabri\Documents\ERIC CURSO\Tecnicatura en Videojuegos\MODELOS Y ALGORITMOS I\PROYECTOS\Proyecto 4.0\Drag\Debug\Drag.exe
